<?xml version="1.0" encoding="UTF-8"?>
<!-- Generated by org.testng.reporters.JUnitReportReporter -->
<testsuite hostname="DESKTOP-BEU6QF0" failures="0" tests="1" name="com.testcases.Logintest" time="18.695" errors="0" timestamp="2023-09-27T10:07:03 IST" skipped="0">
  <testcase classname="com.testcases.Logintest" name="loginvalidation" time="18.695"/>
</testsuite> <!-- com.testcases.Logintest -->
